c:\users\migue\desktop\6to semestre\sistemas expertos\3° parcial\proyecto_19110127\proyecto_19110127\x64\debug\vc143.pdb
c:\users\migue\desktop\6to semestre\sistemas expertos\3° parcial\proyecto_19110127\proyecto_19110127\x64\debug\.netframework,version=v4.7.2.assemblyattributes.obj
c:\users\migue\desktop\6to semestre\sistemas expertos\3° parcial\proyecto_19110127\proyecto_19110127\x64\debug\ventana_principal.obj
c:\users\migue\desktop\6to semestre\sistemas expertos\3° parcial\proyecto_19110127\proyecto_19110127\x64\debug\menu_general.obj
c:\users\migue\desktop\6to semestre\sistemas expertos\3° parcial\proyecto_19110127\proyecto_19110127\x64\debug\diabetes.obj
c:\users\migue\desktop\6to semestre\sistemas expertos\3° parcial\proyecto_19110127\proyecto_19110127\x64\debug\datos_generales.obj
c:\users\migue\desktop\6to semestre\sistemas expertos\3° parcial\proyecto_19110127\proyecto_19110127\x64\debug\coronaria.obj
c:\users\migue\desktop\6to semestre\sistemas expertos\3° parcial\proyecto_19110127\proyecto_19110127\x64\debug\apnea.obj
c:\users\migue\desktop\6to semestre\sistemas expertos\3° parcial\proyecto_19110127\x64\debug\proyecto_19110127.exe
c:\users\migue\desktop\6to semestre\sistemas expertos\3° parcial\proyecto_19110127\x64\debug\proyecto_19110127.pdb
c:\users\migue\desktop\6to semestre\sistemas expertos\3° parcial\proyecto_19110127\proyecto_19110127\x64\debug\proyecto19110127.apnea.resources
c:\users\migue\desktop\6to semestre\sistemas expertos\3° parcial\proyecto_19110127\proyecto_19110127\x64\debug\proyecto19110127.coronaria.resources
c:\users\migue\desktop\6to semestre\sistemas expertos\3° parcial\proyecto_19110127\proyecto_19110127\x64\debug\proyecto19110127.datos_generales.resources
c:\users\migue\desktop\6to semestre\sistemas expertos\3° parcial\proyecto_19110127\proyecto_19110127\x64\debug\proyecto19110127.diabetes.resources
c:\users\migue\desktop\6to semestre\sistemas expertos\3° parcial\proyecto_19110127\proyecto_19110127\x64\debug\proyecto19110127.menu_general.resources
c:\users\migue\desktop\6to semestre\sistemas expertos\3° parcial\proyecto_19110127\proyecto_19110127\x64\debug\proyecto19110127.ventana_principal.resources
c:\users\migue\desktop\6to semestre\sistemas expertos\3° parcial\proyecto_19110127\proyecto_19110127\x64\debug\proyecto.169b32c2.tlog\cl.command.1.tlog
c:\users\migue\desktop\6to semestre\sistemas expertos\3° parcial\proyecto_19110127\proyecto_19110127\x64\debug\proyecto.169b32c2.tlog\cl.read.1.tlog
c:\users\migue\desktop\6to semestre\sistemas expertos\3° parcial\proyecto_19110127\proyecto_19110127\x64\debug\proyecto.169b32c2.tlog\cl.write.1.tlog
c:\users\migue\desktop\6to semestre\sistemas expertos\3° parcial\proyecto_19110127\proyecto_19110127\x64\debug\proyecto.169b32c2.tlog\link.command.1.tlog
c:\users\migue\desktop\6to semestre\sistemas expertos\3° parcial\proyecto_19110127\proyecto_19110127\x64\debug\proyecto.169b32c2.tlog\link.read.1.tlog
c:\users\migue\desktop\6to semestre\sistemas expertos\3° parcial\proyecto_19110127\proyecto_19110127\x64\debug\proyecto.169b32c2.tlog\link.write.1.tlog
c:\users\migue\desktop\6to semestre\sistemas expertos\3° parcial\proyecto_19110127\proyecto_19110127\x64\debug\proyecto.169b32c2.tlog\metagen.read.1.tlog
c:\users\migue\desktop\6to semestre\sistemas expertos\3° parcial\proyecto_19110127\proyecto_19110127\x64\debug\proyecto.169b32c2.tlog\metagen.write.1.tlog
c:\users\migue\desktop\6to semestre\sistemas expertos\3° parcial\proyecto_19110127\proyecto_19110127\x64\debug\proyecto.169b32c2.tlog\proyecto_19110127.write.1u.tlog
